<html>
<body>
<pre>
<h1>µVision Build Log</h1>
<h2>Tool Versions:</h2>
IDE-Version: µVision V5.25.2.0
Copyright (C) 2018 ARM Ltd and ARM Germany GmbH. All rights reserved.
License Information: 2 ¬Î‡‰, 1, LIC=----
 
Tool Versions:
Toolchain:       MDK-Lite  Version: 5.25.2.0
Toolchain Path:  C:\Keil\ARM\ARMCC\Bin
C Compiler:      Armcc.exe V5.06 update 6 (build 750)
Assembler:       Armasm.exe V5.06 update 6 (build 750)
Linker/Locator:  ArmLink.exe V5.06 update 6 (build 750)
Library Manager: ArmAr.exe V5.06 update 6 (build 750)
Hex Converter:   FromElf.exe V5.06 update 6 (build 750)
CPU DLL:         SARMCM3.DLL V5.25.2.0
Dialog DLL:      DCM.DLL V1.17.1.0
Target DLL:      STLink\ST-LINKIII-KEIL_SWO.dll V3.0.1.0
Dialog DLL:      TCM.DLL V1.35.1.0
 
<h2>Project:</h2>
C:\Users\¬Î‡‰\Desktop\Rabota\GD32F307VCT6\newProject.uvprojx
Project File Date:  01/28/2023

<h2>Output:</h2>
*** Using Compiler 'V5.06 update 6 (build 750)', folder: 'C:\Keil\ARM\ARMCC\Bin'
Rebuild target 'Target 1'
compiling main.c...
user\src\main.c(19): warning:  #77-D: this declaration has no storage class or type specifier
  bit_state = gpio_output_bit_get(GPIOB,GPIO_PIN_9);
user\src\main.c(19): error:  #147: declaration is incompatible with "FlagStatus bit_state"  (declared at line 18)
  bit_state = gpio_output_bit_get(GPIOB,GPIO_PIN_9);
user\src\main.c(19): error:  #59: function call is not allowed in a constant expression
  bit_state = gpio_output_bit_get(GPIOB,GPIO_PIN_9);
user\src\main.c: 1 warning, 2 errors
compiling gd32f30x_ctc.c...
compiling gd32f30x_crc.c...
compiling gd32f30x_bkp.c...
compiling gd32f30x_adc.c...
compiling gd32f30x_dac.c...
compiling gd32f30x_can.c...
compiling gd32f30x_dbg.c...
compiling gd32f30x_dma.c...
compiling gd32f30x_exti.c...
compiling gd32f30x_fwdgt.c...
compiling gd32f30x_fmc.c...
compiling gd32f30x_exmc.c...
compiling gd32f30x_enet.c...
compiling gd32f30x_gpio.c...
compiling gd32f30x_i2c.c...
compiling gd32f30x_pmu.c...
compiling gd32f30x_rtc.c...
compiling gd32f30x_misc.c...
compiling gd32f30x_rcu.c...
compiling gd32f30x_sdio.c...
assembling startup_gd32f30x_cl.s...
compiling gd32f30x_wwdgt.c...
compiling gd32f30x_spi.c...
compiling gd32f30x_usart.c...
compiling system_gd32f30x.c...
compiling gd32f303e_eval.c...
compiling gd32f307c_lcd_eval.c...
Utilities\gd32f307c_lcd_eval.c(38): error:  #5: cannot open source input file "drv_usb_hw.h": No such file or directory
  #include "drv_usb_hw.h"
Utilities\gd32f307c_lcd_eval.c: 0 warnings, 1 error
compiling gd32f30x_timer.c...
assembling startup_gd32f30x_cl.s...
RTE\Device\GD32F307VC\startup_gd32f30x_cl.s(36): error: A1163E: Unknown opcode MODULE , expecting opcode or Macro
RTE\Device\GD32F307VC\startup_gd32f30x_cl.s(39): error: A1163E: Unknown opcode SECTION , expecting opcode or Macro
RTE\Device\GD32F307VC\startup_gd32f30x_cl.s(41): error: A1163E: Unknown opcode SECTION , expecting opcode or Macro
RTE\Device\GD32F307VC\startup_gd32f30x_cl.s(45): error: A1163E: Unknown opcode PUBLIC , expecting opcode or Macro
RTE\Device\GD32F307VC\startup_gd32f30x_cl.s(47): error: A1159E: Label missing from line start
RTE\Device\GD32F307VC\startup_gd32f30x_cl.s(48): error: A1355U: A Label was found which was in no AREA
compiling gd32f307c_eval.c...
compiling gd32f30x_gpio.c...
compiling system_gd32f30x.c...
compiling gd32f30x_rcu.c...
".\Objects\newProject.axf" - 9 Error(s), 1 Warning(s).

<h2>Software Packages used:</h2>

Package Vendor: ARM
                http://www.keil.com/pack/ARM.CMSIS.5.9.0.pack
                ARM.CMSIS.5.9.0
                CMSIS (Common Microcontroller Software Interface Standard)
   * Component: CORE Version: 5.6.0

Package Vendor: GigaDevice
                https://gd32mcu.com/data/documents/pack/GigaDevice.GD32F30x_DFP.2.2.1.pack
                GigaDevice.GD32F30x_DFP.2.2.1
                GigaDevice GD32F30x Series Device Support and Examples
   * Component: GPIO Version: 2.2.0
   * Component: RCU Version: 2.2.0
   * Component: GD32F30x_libopt Version: 2.2.0
   * Component: Startup Version: 2.2.0

<h2>Collection of Component include folders:</h2>
  .\RTE\_Target_1
  C:\Keil\ARM\PACK\ARM\CMSIS\5.9.0\CMSIS\Core\Include
  C:\Keil\ARM\PACK\GigaDevice\GD32F30x_DFP\2.2.1\Device\Firmware\Peripherals\inc
  C:\Keil\ARM\PACK\GigaDevice\GD32F30x_DFP\2.2.1\Device\Include
  C:\Keil\ARM\PACK\GigaDevice\GD32F30x_DFP\2.2.1\Device\Template

<h2>Collection of Component Files used:</h2>

   * Component: ARM::CMSIS:CORE:5.6.0

   * Component: GigaDevice::Device:GD32F30x_StdPeripherals:GPIO:2.2.0
      Include file:  Device\Firmware\Peripherals\inc\gd32f30x_gpio.h
      Source file:   Device\Firmware\Peripherals\src\gd32f30x_gpio.c

   * Component: GigaDevice::Device:GD32F30x_StdPeripherals:RCU:2.2.0
      Include file:  Device\Firmware\Peripherals\inc\gd32f30x_rcu.h
      Source file:   Device\Firmware\Peripherals\src\gd32f30x_rcu.c

   * Component: GigaDevice::Device:GD32F30x_libopt:2.2.0
      Include file:  Device\Template\gd32f30x_libopt.h

   * Component: GigaDevice::Device:Startup:2.2.0
      Source file:   Device\Source\system_gd32f30x.c
      Include file:  Device\Include\gd32f30x.h
      Source file:   Device\Source\ARM\startup_gd32f30x_cl.s
Target not created.
Build Time Elapsed:  00:00:06
</pre>
</body>
</html>
